16:32:34 **** Incremental Build of configuration Hardware for project VectorAddition_system ****
make all 
/tools/Xilinx/Vitis/2020.1/bin/v++ --package --config package.cfg ../../VectorAddition/Hardware/binary_container_1.xclbin -o binary_container_1.xclbin
Option Map File Used: '/tools/Xilinx/Vitis/2020.1/data/vitis/vpp/optMap.xml'

****** v++ v2020.1 (64-bit)
  **** SW Build 2902540 on Wed May 27 19:54:35 MDT 2020
    ** Copyright 1986-2020 Xilinx, Inc. All Rights Reserved.

INFO: [v++ 60-1306] Additional information associated with this v++ package can be found at:
	Reports: /home/jacksoncd/solver-acceleration/VectorAddition_system/Hardware/package.build/reports/package
	Log files: /home/jacksoncd/solver-acceleration/VectorAddition_system/Hardware/package.build/logs/package
INFO: [v++ 60-1657] Initializing dispatch client.
Running Dispatch Server on port:44089
INFO: [v++ 60-1548] Creating build summary session with primary output /home/jacksoncd/solver-acceleration/VectorAddition_system/Hardware/binary_container_1.xclbin.package_summary, at Thu Oct  8 16:32:46 2020
INFO: [v++ 60-1316] Initiating connection to rulecheck server, at Thu Oct  8 16:32:46 2020
Running Rule Check Server on port:34063
INFO: [v++ 60-1315] Creating rulecheck session with output '/home/jacksoncd/solver-acceleration/VectorAddition_system/Hardware/package.build/reports/package/v++_package_binary_container_1_guidance.html', at Thu Oct  8 16:32:47 2020
INFO: [v++ 60-895]   Target platform: /opt/xilinx/platforms/xilinx_u50_gen3x16_xdma_201920_3/xilinx_u50_gen3x16_xdma_201920_3.xpfm
INFO: [v++ 60-1578]   This platform contains Xilinx Shell Archive '/opt/xilinx/platforms/xilinx_u50_gen3x16_xdma_201920_3/hw/hw.xsa'
INFO: [v++ 60-2256] Packaging for hardware
INFO: [v++ 60-2343] Use the vitis_analyzer tool to visualize and navigate the relevant reports. Run the following command. 
    vitis_analyzer /home/jacksoncd/solver-acceleration/VectorAddition_system/Hardware/binary_container_1.xclbin.package_summary 
INFO: [v++ 60-791] Total elapsed time: 0h 0m 13s
INFO: [v++ 60-1653] Closing dispatch client.

16:32:50 Build Finished (took 15s.803ms)

